Using pre-set license
Built from '2020.3/staging' branch; Version is '2020.3.18f1 (a7d1c678663c) revision 10998214'; Using compiler version '192528614'; Build Type 'Release'
OS: 'Windows 10 Home; OS build 19043.928; Version 2009; 64bit' Language: 'en' Physical Memory: 16245 MB
BatchMode: 1, IsHumanControllingUs: 0, StartBugReporterOnCrash: 0, Is64bit: 1, IsPro: 0

COMMAND LINE ARGUMENTS:
C:\Program Files\Unity\Hub\Editor\2020.3.18f1\Editor\Unity.exe
-adb2
-batchMode
-noUpm
-name
AssetImportWorker0
-projectPath
D:/Unity Projects/GameBaby/Photon-Game/Big Bang Baby VRIF
-logFile
Logs/AssetImportWorker0.log
-srvPort
49685
Successfully changed project path to: D:/Unity Projects/GameBaby/Photon-Game/Big Bang Baby VRIF
D:/Unity Projects/GameBaby/Photon-Game/Big Bang Baby VRIF
Using Asset Import Pipeline V2.
Refreshing native plugins compatible for Editor in 73.85 ms, found 2 plugins.
Preloading 0 native plugins for Editor in 0.00 ms.
Initialize engine version: 2020.3.18f1 (a7d1c678663c)
[Subsystems] Discovering subsystems at path C:/Program Files/Unity/Hub/Editor/2020.3.18f1/Editor/Data/Resources/UnitySubsystems
[Subsystems] Discovering subsystems at path D:/Unity Projects/GameBaby/Photon-Game/Big Bang Baby VRIF/Assets
GfxDevice: creating device client; threaded=0
Direct3D:
    Version:  Direct3D 11.0 [level 11.1]
    Renderer: NVIDIA GeForce GTX 1050 (ID=0x1c8d)
    Vendor:   
    VRAM:     4021 MB
    Driver:   24.21.13.9836
Initialize mono
Mono path[0] = 'C:/Program Files/Unity/Hub/Editor/2020.3.18f1/Editor/Data/Managed'
Mono path[1] = 'C:/Program Files/Unity/Hub/Editor/2020.3.18f1/Editor/Data/MonoBleedingEdge/lib/mono/unityjit'
Mono config path = 'C:/Program Files/Unity/Hub/Editor/2020.3.18f1/Editor/Data/MonoBleedingEdge/etc'
Using monoOptions --debugger-agent=transport=dt_socket,embedding=1,server=y,suspend=n,address=127.0.0.1:56120
Begin MonoManager ReloadAssembly
Registering precompiled unity dll's ...
Register platform support module: C:/Program Files/Unity/Hub/Editor/2020.3.18f1/Editor/Data/PlaybackEngines/WebGLSupport/UnityEditor.WebGL.Extensions.dll
Register platform support module: C:/Program Files/Unity/Hub/Editor/2020.3.18f1/Editor/Data/PlaybackEngines/WindowsStandaloneSupport/UnityEditor.WindowsStandalone.Extensions.dll
Registered in 0.002205 seconds.
Native extension for WindowsStandalone target not found
Native extension for WebGL target not found
Refreshing native plugins compatible for Editor in 79.20 ms, found 2 plugins.
Preloading 0 native plugins for Editor in 0.00 ms.
Mono: successfully reloaded assembly
- Completed reload, in  1.214 seconds
Domain Reload Profiling:
	ReloadAssembly (1214ms)
		BeginReloadAssembly (56ms)
			ExecutionOrderSort (0ms)
			DisableScriptedObjects (0ms)
			BackupInstance (0ms)
			ReleaseScriptingObjects (0ms)
			CreateAndSetChildDomain (1ms)
		EndReloadAssembly (515ms)
			LoadAssemblies (54ms)
			RebuildTransferFunctionScriptingTraits (0ms)
			SetupTypeCache (162ms)
			ReleaseScriptCaches (0ms)
			RebuildScriptCaches (37ms)
			SetupLoadedEditorAssemblies (228ms)
				LogAssemblyErrors (0ms)
				InitializePlatformSupportModulesInManaged (5ms)
				SetLoadedEditorAssemblies (0ms)
				RefreshPlugins (79ms)
				BeforeProcessingInitializeOnLoad (20ms)
				ProcessInitializeOnLoadAttributes (92ms)
				ProcessInitializeOnLoadMethodAttributes (31ms)
				AfterProcessingInitializeOnLoad (0ms)
				EditorAssembliesLoaded (0ms)
			ExecutionOrderSort2 (0ms)
			AwakeInstancesAfterBackupRestoration (0ms)
Platform modules already initialized, skipping
Registering precompiled user dll's ...
Registered in 0.005997 seconds.
Begin MonoManager ReloadAssembly
Native extension for WindowsStandalone target not found
Native extension for WebGL target not found
Refreshing native plugins compatible for Editor in 75.35 ms, found 2 plugins.
Preloading 0 native plugins for Editor in 0.00 ms.
Mono: successfully reloaded assembly
- Completed reload, in  1.438 seconds
Domain Reload Profiling:
	ReloadAssembly (1439ms)
		BeginReloadAssembly (185ms)
			ExecutionOrderSort (0ms)
			DisableScriptedObjects (9ms)
			BackupInstance (0ms)
			ReleaseScriptingObjects (0ms)
			CreateAndSetChildDomain (25ms)
		EndReloadAssembly (1179ms)
			LoadAssemblies (121ms)
			RebuildTransferFunctionScriptingTraits (0ms)
			SetupTypeCache (409ms)
			ReleaseScriptCaches (1ms)
			RebuildScriptCaches (73ms)
			SetupLoadedEditorAssemblies (446ms)
				LogAssemblyErrors (0ms)
				InitializePlatformSupportModulesInManaged (5ms)
				SetLoadedEditorAssemblies (0ms)
				RefreshPlugins (75ms)
				BeforeProcessingInitializeOnLoad (94ms)
				ProcessInitializeOnLoadAttributes (255ms)
				ProcessInitializeOnLoadMethodAttributes (9ms)
				AfterProcessingInitializeOnLoad (8ms)
				EditorAssembliesLoaded (0ms)
			ExecutionOrderSort2 (0ms)
			AwakeInstancesAfterBackupRestoration (7ms)
Platform modules already initialized, skipping
========================================================================
Worker process is ready to serve import requests
Launched and connected shader compiler UnityShaderCompiler.exe after 0.08 seconds
Refreshing native plugins compatible for Editor in 1.01 ms, found 2 plugins.
Preloading 0 native plugins for Editor in 0.00 ms.
Unloading 3389 Unused Serialized files (Serialized files now loaded: 0)
System memory in use before: 149.5 MB.
System memory in use after: 149.7 MB.

Unloading 25 unused Assets to reduce memory usage. Loaded Objects now: 3832.
Total: 4.374800 ms (FindLiveObjects: 0.418300 ms CreateObjectMapping: 0.349800 ms MarkObjects: 3.437900 ms  DeleteObjects: 0.167400 ms)

AssetImportParameters requested are different than current active one (requested -> active):
  custom:framework-win-MediaFoundation: 216162199b28c13a410421893ffa2e32 -> 
  custom:video-decoder-ogg-theora: a1e56fd34408186e4bbccfd4996cb3dc -> 
  custom:container-muxer-webm: aa71ff27fc2769a1b78a27578f13a17b -> 
  custom:container-demuxer-webm: 4f35f7cbe854078d1ac9338744f61a02 -> 
  custom:container-demuxer-ogg: 62fdf1f143b41e24485cea50d1cbac27 -> 
  custom:video-encoder-webm-vp8: eb34c28f22e8b96e1ab97ce403110664 -> 
  custom:video-decoder-webm-vp8: 9c59270c3fd7afecdb556c50c9e8de78 -> 
  custom:audio-decoder-ogg-vorbis: bf7c407c2cedff20999df2af8eb42d56 -> 
  custom:audio-encoder-webm-vorbis: bf7c407c2cedff20999df2af8eb42d56 -> 
========================================================================
Received Import Request.
  path: Assets/BNG Framework/Integrations/PUN/MPDemo.unity
  artifactKey: Guid(1ef291d4030a6484f8bc6edeae91dda9) Importer(815301076,1909f56bfc062723c751e8b465ee728b)
Start importing Assets/BNG Framework/Integrations/PUN/MPDemo.unity using Guid(1ef291d4030a6484f8bc6edeae91dda9) Importer(815301076,1909f56bfc062723c751e8b465ee728b)  -> (artifact id: 'b682ea329272a0d519896dd984af82bf') in 0.035113 seconds 
  Import took 0.041156 seconds .

========================================================================
Received Import Request.
  Time since last request: 7.373808 seconds.
  path: Assets/BNG Framework/Integrations/PUN/MPDemo 1.unity
  artifactKey: Guid(925af1a0a4abe894abf75bb8be00755f) Importer(815301076,1909f56bfc062723c751e8b465ee728b)
Start importing Assets/BNG Framework/Integrations/PUN/MPDemo 1.unity using Guid(925af1a0a4abe894abf75bb8be00755f) Importer(815301076,1909f56bfc062723c751e8b465ee728b)  -> (artifact id: 'a8a1082efcd5a30e6c6b713d7e942422') in 0.010424 seconds 
  Import took 0.017231 seconds .

========================================================================
Received Import Request.
  Time since last request: 8.726479 seconds.
  path: Assets/Presets
  artifactKey: Guid(558255460b74ec04fa70b5570e9327bd) Importer(815301076,1909f56bfc062723c751e8b465ee728b)
Start importing Assets/Presets using Guid(558255460b74ec04fa70b5570e9327bd) Importer(815301076,1909f56bfc062723c751e8b465ee728b)  -> (artifact id: 'e1966229f3d7993f283b578bcf544b58') in 0.008428 seconds 
  Import took 0.014852 seconds .

========================================================================
Received Import Request.
  Time since last request: 7.906739 seconds.
  path: Assets/Presets/AudioCompressedInMemory.preset
  artifactKey: Guid(2dd802e4d37c65149922028d3e973832) Importer(815301076,1909f56bfc062723c751e8b465ee728b)
Start importing Assets/Presets/AudioCompressedInMemory.preset using Guid(2dd802e4d37c65149922028d3e973832) Importer(815301076,1909f56bfc062723c751e8b465ee728b)  -> (artifact id: '27cc0c52108bb5cb9aebbc6a73733599') in 0.087065 seconds 
  Import took 0.093026 seconds .

========================================================================
Received Import Request.
  Time since last request: 0.000310 seconds.
  path: Assets/BNG Framework/HandPoser/Prefabs/Example Hand.prefab
  artifactKey: Guid(7a3741af7f1413546a5f95d923987006) Importer(815301076,1909f56bfc062723c751e8b465ee728b)
Start importing Assets/BNG Framework/HandPoser/Prefabs/Example Hand.prefab using Guid(7a3741af7f1413546a5f95d923987006) Importer(815301076,1909f56bfc062723c751e8b465ee728b)  -> (artifact id: 'b221d89543b432d60a295e3c151dc9de') in 0.271626 seconds 
  Import took 0.277617 seconds .

========================================================================
Received Import Request.
  Time since last request: 0.000323 seconds.
  path: Assets/Photon/PhotonUnityNetworking/Demos/Shared Assets/Animations/HumanoidJumpAndFall.fbx
  artifactKey: Guid(51dd2e4c869794f75a0df7d54b210214) Importer(815301076,1909f56bfc062723c751e8b465ee728b)
Start importing Assets/Photon/PhotonUnityNetworking/Demos/Shared Assets/Animations/HumanoidJumpAndFall.fbx using Guid(51dd2e4c869794f75a0df7d54b210214) Importer(815301076,1909f56bfc062723c751e8b465ee728b)  -> (artifact id: 'ac6ed1e4cf4fb3f0a26b9dbd56c167ce') in 0.063611 seconds 
  Import took 0.069360 seconds .

========================================================================
Received Import Request.
  Time since last request: 0.000455 seconds.
  path: Assets/BNG Framework/Sounds/impact_small.wav
  artifactKey: Guid(139ef2d853962e14f836c51a778b76f5) Importer(815301076,1909f56bfc062723c751e8b465ee728b)
Start importing Assets/BNG Framework/Sounds/impact_small.wav using Guid(139ef2d853962e14f836c51a778b76f5) Importer(815301076,1909f56bfc062723c751e8b465ee728b)  -> (artifact id: 'cf1b807618c6c362cfdec8bcb75aa837') in 0.145821 seconds 
  Import took 0.152468 seconds .

========================================================================
Received Import Request.
  Time since last request: 0.000295 seconds.
  path: Assets/BNG Framework/Scenes/XR Demo/Lightmap-3_comp_dir.png
  artifactKey: Guid(55286c1037158774496053c4f3172756) Importer(815301076,1909f56bfc062723c751e8b465ee728b)
Start importing Assets/BNG Framework/Scenes/XR Demo/Lightmap-3_comp_dir.png using Guid(55286c1037158774496053c4f3172756) Importer(815301076,1909f56bfc062723c751e8b465ee728b)  -> (artifact id: '8afc9317cd38809969b8d1b602bcc3d5') in 0.028774 seconds 
  Import took 0.033753 seconds .

========================================================================
Received Import Request.
  Time since last request: 0.000310 seconds.
  path: Assets/BNG Framework/Scenes/XR Demo/Lightmap-1_comp_light.exr
  artifactKey: Guid(08459a9945b5ec440bca0d75ba0dc375) Importer(815301076,1909f56bfc062723c751e8b465ee728b)
Start importing Assets/BNG Framework/Scenes/XR Demo/Lightmap-1_comp_light.exr using Guid(08459a9945b5ec440bca0d75ba0dc375) Importer(815301076,1909f56bfc062723c751e8b465ee728b)  -> (artifact id: 'ecc93f82ed6ad983dcc812e064c6a870') in 0.027860 seconds 
  Import took 0.034450 seconds .

========================================================================
Received Import Request.
  Time since last request: 0.000267 seconds.
  path: Assets/BNG Framework/Scenes/XR Demo/Lightmap-2_comp_light.exr
  artifactKey: Guid(72459b1d01c34be47a2e5dbc535d05e5) Importer(815301076,1909f56bfc062723c751e8b465ee728b)
Start importing Assets/BNG Framework/Scenes/XR Demo/Lightmap-2_comp_light.exr using Guid(72459b1d01c34be47a2e5dbc535d05e5) Importer(815301076,1909f56bfc062723c751e8b465ee728b)  -> (artifact id: '3108d15427319fb0b245863156335d31') in 0.022240 seconds 
  Import took 0.029446 seconds .

========================================================================
Received Import Request.
  Time since last request: 0.000460 seconds.
  path: Assets/BNG Framework/Sounds/impact_small2.wav
  artifactKey: Guid(30ef761f6d7153845addf7410feca63e) Importer(815301076,1909f56bfc062723c751e8b465ee728b)
Start importing Assets/BNG Framework/Sounds/impact_small2.wav using Guid(30ef761f6d7153845addf7410feca63e) Importer(815301076,1909f56bfc062723c751e8b465ee728b)  -> (artifact id: '079cbcc31430ba982621230801b38f19') in 0.020541 seconds 
  Import took 0.027414 seconds .

========================================================================
Received Import Request.
  Time since last request: 0.000505 seconds.
  path: Assets/Presets/Defaults/AudioDecompressOnLoad.preset
  artifactKey: Guid(e7689051185d12f4298e1ebb2693a29f) Importer(815301076,1909f56bfc062723c751e8b465ee728b)
Start importing Assets/Presets/Defaults/AudioDecompressOnLoad.preset using Guid(e7689051185d12f4298e1ebb2693a29f) Importer(815301076,1909f56bfc062723c751e8b465ee728b)  -> (artifact id: 'a6f5963c3aa2746a34a78c0cb78d907a') in 0.009876 seconds 
  Import took 0.017371 seconds .

========================================================================
Received Import Request.
  Time since last request: 0.000318 seconds.
  path: Assets/BNG Framework/Scenes/XR Demo/Lightmap-0_comp_dir.png
  artifactKey: Guid(b9b7a96cfbda91545a34834511be757b) Importer(815301076,1909f56bfc062723c751e8b465ee728b)
Start importing Assets/BNG Framework/Scenes/XR Demo/Lightmap-0_comp_dir.png using Guid(b9b7a96cfbda91545a34834511be757b) Importer(815301076,1909f56bfc062723c751e8b465ee728b)  -> (artifact id: '4176000f08e4940b5696aca77ee2cb5c') in 0.018999 seconds 
  Import took 0.025351 seconds .

========================================================================
Received Import Request.
  Time since last request: 0.000451 seconds.
  path: Assets/BNG Framework/Scenes/XR Demo/Lightmap-0_comp_light.exr
  artifactKey: Guid(1ffa16e348de2e541b325d7abd9f20f8) Importer(815301076,1909f56bfc062723c751e8b465ee728b)
Start importing Assets/BNG Framework/Scenes/XR Demo/Lightmap-0_comp_light.exr using Guid(1ffa16e348de2e541b325d7abd9f20f8) Importer(815301076,1909f56bfc062723c751e8b465ee728b)  -> (artifact id: '37b404d4364cb63f82da9ac3064f0120') in 0.021331 seconds 
  Import took 0.028979 seconds .

========================================================================
Received Import Request.
  Time since last request: 0.000319 seconds.
  path: Assets/BNG Framework/Scenes/XR Demo/Lightmap-2_comp_dir.png
  artifactKey: Guid(95a69afc16b892b41b604bef770d59ad) Importer(815301076,1909f56bfc062723c751e8b465ee728b)
Start importing Assets/BNG Framework/Scenes/XR Demo/Lightmap-2_comp_dir.png using Guid(95a69afc16b892b41b604bef770d59ad) Importer(815301076,1909f56bfc062723c751e8b465ee728b)  -> (artifact id: 'fed14a4f6e954565ad35cb9b698b7c49') in 0.020791 seconds 
  Import took 0.027892 seconds .

========================================================================
Received Import Request.
  Time since last request: 0.000282 seconds.
  path: Assets/BNG Framework/Scenes/XR Demo/Lightmap-1_comp_dir.png
  artifactKey: Guid(e3ce09065711ea4428f0dd504ec04e5e) Importer(815301076,1909f56bfc062723c751e8b465ee728b)
Start importing Assets/BNG Framework/Scenes/XR Demo/Lightmap-1_comp_dir.png using Guid(e3ce09065711ea4428f0dd504ec04e5e) Importer(815301076,1909f56bfc062723c751e8b465ee728b)  -> (artifact id: '097bb537caf633f03a8b630833892d3f') in 0.020223 seconds 
  Import took 0.027120 seconds .

========================================================================
Received Import Request.
  Time since last request: 0.000312 seconds.
  path: Assets/Photon/PhotonUnityNetworking/Demos/Shared Assets/Animations/HumanoidIdleJumpUp.fbx
  artifactKey: Guid(0d9d26e2162aa4d11ab075b34c029673) Importer(815301076,1909f56bfc062723c751e8b465ee728b)
Start importing Assets/Photon/PhotonUnityNetworking/Demos/Shared Assets/Animations/HumanoidIdleJumpUp.fbx using Guid(0d9d26e2162aa4d11ab075b34c029673) Importer(815301076,1909f56bfc062723c751e8b465ee728b)  -> (artifact id: '54d9524ec9d552db6824fd74055ff9ef') in 0.019444 seconds 
  Import took 0.026106 seconds .

========================================================================
Received Import Request.
  Time since last request: 0.000290 seconds.
  path: Assets/BNG Framework/Scenes/XR Demo/Lightmap-3_comp_light.exr
  artifactKey: Guid(bd6257cc47949ec4fb65ff94f76416dc) Importer(815301076,1909f56bfc062723c751e8b465ee728b)
Start importing Assets/BNG Framework/Scenes/XR Demo/Lightmap-3_comp_light.exr using Guid(bd6257cc47949ec4fb65ff94f76416dc) Importer(815301076,1909f56bfc062723c751e8b465ee728b)  -> (artifact id: 'ad4c41201cca927df4bc15313da47a4d') in 0.016264 seconds 
  Import took 0.024484 seconds .

========================================================================
Received Import Request.
  Time since last request: 16.621577 seconds.
  path: Assets/BNG Framework/Integrations/PUN/MPDemo 1.unity
  artifactKey: Guid(acde90675ef0ea841ba74ca8a839ab89) Importer(815301076,1909f56bfc062723c751e8b465ee728b)
Start importing Assets/BNG Framework/Integrations/PUN/MPDemo 1.unity using Guid(acde90675ef0ea841ba74ca8a839ab89) Importer(815301076,1909f56bfc062723c751e8b465ee728b)  -> (artifact id: '091bf0d8390cf109b56b232c4ddd532e') in 0.003811 seconds 
  Import took 0.011872 seconds .

========================================================================
Received Import Request.
  Time since last request: 15.601407 seconds.
  path: Assets/Scenes/Main.unity
  artifactKey: Guid(acde90675ef0ea841ba74ca8a839ab89) Importer(815301076,1909f56bfc062723c751e8b465ee728b)
Start importing Assets/Scenes/Main.unity using Guid(acde90675ef0ea841ba74ca8a839ab89) Importer(815301076,1909f56bfc062723c751e8b465ee728b)  -> (artifact id: 'b24c8f34c4ca724c7fa12ed8c1dbd0f5') in 0.009373 seconds 
  Import took 0.016255 seconds .

========================================================================
Received Import Request.
  Time since last request: 1.271826 seconds.
  path: Assets/Scenes/SampleScene.unity
  artifactKey: Guid(d1c3109bdb54ad54c8a2b2838528e640) Importer(815301076,1909f56bfc062723c751e8b465ee728b)
Start importing Assets/Scenes/SampleScene.unity using Guid(d1c3109bdb54ad54c8a2b2838528e640) Importer(815301076,1909f56bfc062723c751e8b465ee728b)  -> (artifact id: '92865cbaa4efba43f7c92440e7e2b6fb') in 0.007514 seconds 
  Import took 0.014776 seconds .

========================================================================
Received Import Request.
  Time since last request: 7.214840 seconds.
  path: Assets/Scenes/SampleSceneLightingSettings.lighting
  artifactKey: Guid(477cc4148fad3449482a3bc3178594e2) Importer(815301076,1909f56bfc062723c751e8b465ee728b)
Start importing Assets/Scenes/SampleSceneLightingSettings.lighting using Guid(477cc4148fad3449482a3bc3178594e2) Importer(815301076,1909f56bfc062723c751e8b465ee728b)  -> (artifact id: '7cf874d6dd7b386419ce390e67efc51d') in 0.008160 seconds 
  Import took 0.014322 seconds .

========================================================================
Received Import Request.
  Time since last request: 0.014044 seconds.
  path: Assets/Scenes/SampleSceneLightingSettings.lighting
  artifactKey: Guid(477cc4148fad3449482a3bc3178594e2) Importer(815301076,1909f56bfc062723c751e8b465ee728b)
Start importing Assets/Scenes/SampleSceneLightingSettings.lighting using Guid(477cc4148fad3449482a3bc3178594e2) Importer(815301076,1909f56bfc062723c751e8b465ee728b)  -> (artifact id: '7cf874d6dd7b386419ce390e67efc51d') in 0.003468 seconds 
  Import took 0.012081 seconds .

========================================================================
Received Import Request.
  Time since last request: 3.052873 seconds.
  path: Assets/Scripts
  artifactKey: Guid(02a3527b6b33a924e8ec66aa805ea717) Importer(815301076,1909f56bfc062723c751e8b465ee728b)
Start importing Assets/Scripts using Guid(02a3527b6b33a924e8ec66aa805ea717) Importer(815301076,1909f56bfc062723c751e8b465ee728b)  -> (artifact id: 'f0a913a0049096cde5d6a727232f232f') in 0.006786 seconds 
  Import took 0.013379 seconds .

