Using pre-set license
Built from '2020.3/staging' branch; Version is '2020.3.18f1 (a7d1c678663c) revision 10998214'; Using compiler version '192528614'; Build Type 'Release'
OS: 'Windows 10 Home; OS build 19043.1288; Version 2009; 64bit' Language: 'en' Physical Memory: 32694 MB
BatchMode: 1, IsHumanControllingUs: 0, StartBugReporterOnCrash: 0, Is64bit: 1, IsPro: 0

COMMAND LINE ARGUMENTS:
C:\Program Files\Unity\Hub\Editor\2020.3.18f1\Editor\Unity.exe
-adb2
-batchMode
-noUpm
-name
AssetImportWorker0
-projectPath
D:/BSU/GIMM 400/photonRepo/Photon-Game/Photon Tutorial
-logFile
Logs/AssetImportWorker0.log
-srvPort
56187
Successfully changed project path to: D:/BSU/GIMM 400/photonRepo/Photon-Game/Photon Tutorial
D:/BSU/GIMM 400/photonRepo/Photon-Game/Photon Tutorial
Using Asset Import Pipeline V2.
Refreshing native plugins compatible for Editor in 59.48 ms, found 2 plugins.
Preloading 0 native plugins for Editor in 0.00 ms.
Initialize engine version: 2020.3.18f1 (a7d1c678663c)
[Subsystems] Discovering subsystems at path C:/Program Files/Unity/Hub/Editor/2020.3.18f1/Editor/Data/Resources/UnitySubsystems
[Subsystems] Discovering subsystems at path D:/BSU/GIMM 400/photonRepo/Photon-Game/Photon Tutorial/Assets
GfxDevice: creating device client; threaded=0
Direct3D:
    Version:  Direct3D 11.0 [level 11.1]
    Renderer: NVIDIA GeForce RTX 2070 SUPER (ID=0x1e84)
    Vendor:   
    VRAM:     8011 MB
    Driver:   30.0.14.7212
Initialize mono
Mono path[0] = 'C:/Program Files/Unity/Hub/Editor/2020.3.18f1/Editor/Data/Managed'
Mono path[1] = 'C:/Program Files/Unity/Hub/Editor/2020.3.18f1/Editor/Data/MonoBleedingEdge/lib/mono/unityjit'
Mono config path = 'C:/Program Files/Unity/Hub/Editor/2020.3.18f1/Editor/Data/MonoBleedingEdge/etc'
Using monoOptions --debugger-agent=transport=dt_socket,embedding=1,server=y,suspend=n,address=127.0.0.1:56584
Begin MonoManager ReloadAssembly
Registering precompiled unity dll's ...
Register platform support module: C:/Program Files/Unity/Hub/Editor/2020.3.18f1/Editor/Data/PlaybackEngines/WebGLSupport/UnityEditor.WebGL.Extensions.dll
Register platform support module: C:/Program Files/Unity/Hub/Editor/2020.3.18f1/Editor/Data/PlaybackEngines/WindowsStandaloneSupport/UnityEditor.WindowsStandalone.Extensions.dll
Registered in 0.004637 seconds.
Native extension for WindowsStandalone target not found
Native extension for WebGL target not found
Refreshing native plugins compatible for Editor in 58.16 ms, found 2 plugins.
Preloading 0 native plugins for Editor in 0.00 ms.
Mono: successfully reloaded assembly
- Completed reload, in  3.093 seconds
Domain Reload Profiling:
	ReloadAssembly (3093ms)
		BeginReloadAssembly (68ms)
			ExecutionOrderSort (0ms)
			DisableScriptedObjects (0ms)
			BackupInstance (0ms)
			ReleaseScriptingObjects (0ms)
			CreateAndSetChildDomain (1ms)
		EndReloadAssembly (464ms)
			LoadAssemblies (64ms)
			RebuildTransferFunctionScriptingTraits (0ms)
			SetupTypeCache (158ms)
			ReleaseScriptCaches (0ms)
			RebuildScriptCaches (29ms)
			SetupLoadedEditorAssemblies (192ms)
				LogAssemblyErrors (0ms)
				InitializePlatformSupportModulesInManaged (6ms)
				SetLoadedEditorAssemblies (0ms)
				RefreshPlugins (58ms)
				BeforeProcessingInitializeOnLoad (14ms)
				ProcessInitializeOnLoadAttributes (85ms)
				ProcessInitializeOnLoadMethodAttributes (30ms)
				AfterProcessingInitializeOnLoad (0ms)
				EditorAssembliesLoaded (0ms)
			ExecutionOrderSort2 (0ms)
			AwakeInstancesAfterBackupRestoration (0ms)
Platform modules already initialized, skipping
Registering precompiled user dll's ...
Registered in 0.010858 seconds.
Begin MonoManager ReloadAssembly
Native extension for WindowsStandalone target not found
Native extension for WebGL target not found
Refreshing native plugins compatible for Editor in 58.63 ms, found 2 plugins.
Preloading 0 native plugins for Editor in 0.00 ms.
Mono: successfully reloaded assembly
- Completed reload, in  1.280 seconds
Domain Reload Profiling:
	ReloadAssembly (1281ms)
		BeginReloadAssembly (166ms)
			ExecutionOrderSort (0ms)
			DisableScriptedObjects (5ms)
			BackupInstance (0ms)
			ReleaseScriptingObjects (0ms)
			CreateAndSetChildDomain (18ms)
		EndReloadAssembly (1038ms)
			LoadAssemblies (124ms)
			RebuildTransferFunctionScriptingTraits (0ms)
			SetupTypeCache (332ms)
			ReleaseScriptCaches (1ms)
			RebuildScriptCaches (55ms)
			SetupLoadedEditorAssemblies (398ms)
				LogAssemblyErrors (0ms)
				InitializePlatformSupportModulesInManaged (6ms)
				SetLoadedEditorAssemblies (0ms)
				RefreshPlugins (59ms)
				BeforeProcessingInitializeOnLoad (98ms)
				ProcessInitializeOnLoadAttributes (215ms)
				ProcessInitializeOnLoadMethodAttributes (7ms)
				AfterProcessingInitializeOnLoad (13ms)
				EditorAssembliesLoaded (0ms)
			ExecutionOrderSort2 (0ms)
			AwakeInstancesAfterBackupRestoration (7ms)
Platform modules already initialized, skipping
========================================================================
Worker process is ready to serve import requests
Launched and connected shader compiler UnityShaderCompiler.exe after 0.06 seconds
Refreshing native plugins compatible for Editor in 0.60 ms, found 2 plugins.
Preloading 0 native plugins for Editor in 0.00 ms.
Unloading 2931 Unused Serialized files (Serialized files now loaded: 0)
System memory in use before: 129.5 MB.
System memory in use after: 129.7 MB.

Unloading 23 unused Assets to reduce memory usage. Loaded Objects now: 3360.
Total: 3.688300 ms (FindLiveObjects: 0.316600 ms CreateObjectMapping: 0.073800 ms MarkObjects: 3.167200 ms  DeleteObjects: 0.129100 ms)

AssetImportParameters requested are different than current active one (requested -> active):
  custom:framework-win-MediaFoundation: 216162199b28c13a410421893ffa2e32 -> 
  custom:video-decoder-ogg-theora: a1e56fd34408186e4bbccfd4996cb3dc -> 
  custom:container-muxer-webm: aa71ff27fc2769a1b78a27578f13a17b -> 
  custom:container-demuxer-webm: 4f35f7cbe854078d1ac9338744f61a02 -> 
  custom:container-demuxer-ogg: 62fdf1f143b41e24485cea50d1cbac27 -> 
  custom:video-encoder-webm-vp8: eb34c28f22e8b96e1ab97ce403110664 -> 
  custom:video-decoder-webm-vp8: 9c59270c3fd7afecdb556c50c9e8de78 -> 
  custom:audio-decoder-ogg-vorbis: bf7c407c2cedff20999df2af8eb42d56 -> 
  custom:audio-encoder-webm-vorbis: bf7c407c2cedff20999df2af8eb42d56 -> 
========================================================================
Received Import Request.
  path: Assets/Materials/mainBackground.webm
  artifactKey: Guid(a68646e318b977d4e82d4923bf1b904b) Importer(815301076,1909f56bfc062723c751e8b465ee728b)
Start importing Assets/Materials/mainBackground.webm using Guid(a68646e318b977d4e82d4923bf1b904b) Importer(815301076,1909f56bfc062723c751e8b465ee728b)  -> (artifact id: '1d36ce12460f9b4d09b998ad1ce63c77') in 0.075250 seconds 
  Import took 0.080010 seconds .

========================================================================
Received Import Request.
  Time since last request: 186.406495 seconds.
  path: Assets/asteroids.fbx
  artifactKey: Guid(a7acb17f4d71c4b4f87b8ce392c45309) Importer(815301076,1909f56bfc062723c751e8b465ee728b)
Start importing Assets/asteroids.fbx using Guid(a7acb17f4d71c4b4f87b8ce392c45309) Importer(815301076,1909f56bfc062723c751e8b465ee728b)  -> (artifact id: 'f7776dc3f213fa8d2ee51de6d5ffeb35') in 0.832370 seconds 
  Import took 0.837428 seconds .

========================================================================
Received Import Request.
  Time since last request: 14.443497 seconds.
  path: Assets/asteroids.fbx
  artifactKey: Guid(a7acb17f4d71c4b4f87b8ce392c45309) Importer(815301076,1909f56bfc062723c751e8b465ee728b)
Start importing Assets/asteroids.fbx using Guid(a7acb17f4d71c4b4f87b8ce392c45309) Importer(815301076,1909f56bfc062723c751e8b465ee728b)  -> (artifact id: '0ddd47a44c1afe607f5f61f90a74e4a6') in 0.292529 seconds 
  Import took 0.297463 seconds .

========================================================================
Received Prepare
Registering precompiled user dll's ...
Registered in 0.011028 seconds.
Begin MonoManager ReloadAssembly
Native extension for WindowsStandalone target not found
Native extension for WebGL target not found
Refreshing native plugins compatible for Editor in 0.60 ms, found 2 plugins.
Preloading 0 native plugins for Editor in 0.00 ms.
Mono: successfully reloaded assembly
- Completed reload, in  1.180 seconds
Domain Reload Profiling:
	ReloadAssembly (1180ms)
		BeginReloadAssembly (141ms)
			ExecutionOrderSort (0ms)
			DisableScriptedObjects (7ms)
			BackupInstance (0ms)
			ReleaseScriptingObjects (0ms)
			CreateAndSetChildDomain (39ms)
		EndReloadAssembly (964ms)
			LoadAssemblies (116ms)
			RebuildTransferFunctionScriptingTraits (0ms)
			SetupTypeCache (317ms)
			ReleaseScriptCaches (1ms)
			RebuildScriptCaches (43ms)
			SetupLoadedEditorAssemblies (342ms)
				LogAssemblyErrors (0ms)
				InitializePlatformSupportModulesInManaged (6ms)
				SetLoadedEditorAssemblies (0ms)
				RefreshPlugins (1ms)
				BeforeProcessingInitializeOnLoad (110ms)
				ProcessInitializeOnLoadAttributes (203ms)
				ProcessInitializeOnLoadMethodAttributes (6ms)
				AfterProcessingInitializeOnLoad (15ms)
				EditorAssembliesLoaded (0ms)
			ExecutionOrderSort2 (0ms)
			AwakeInstancesAfterBackupRestoration (18ms)
Platform modules already initialized, skipping
Refreshing native plugins compatible for Editor in 0.63 ms, found 2 plugins.
Preloading 0 native plugins for Editor in 0.00 ms.
Unloading 2821 Unused Serialized files (Serialized files now loaded: 0)
System memory in use before: 128.3 MB.
System memory in use after: 128.5 MB.

Unloading 17 unused Assets to reduce memory usage. Loaded Objects now: 3446.
Total: 3.785200 ms (FindLiveObjects: 0.318600 ms CreateObjectMapping: 0.073300 ms MarkObjects: 3.368300 ms  DeleteObjects: 0.023500 ms)

AssetImportParameters requested are different than current active one (requested -> active):
  custom:framework-win-MediaFoundation: 216162199b28c13a410421893ffa2e32 -> 
  custom:video-decoder-ogg-theora: a1e56fd34408186e4bbccfd4996cb3dc -> 
  custom:container-muxer-webm: aa71ff27fc2769a1b78a27578f13a17b -> 
  custom:container-demuxer-webm: 4f35f7cbe854078d1ac9338744f61a02 -> 
  custom:container-demuxer-ogg: 62fdf1f143b41e24485cea50d1cbac27 -> 
  custom:video-encoder-webm-vp8: eb34c28f22e8b96e1ab97ce403110664 -> 
  custom:video-decoder-webm-vp8: 9c59270c3fd7afecdb556c50c9e8de78 -> 
  custom:audio-decoder-ogg-vorbis: bf7c407c2cedff20999df2af8eb42d56 -> 
  custom:audio-encoder-webm-vorbis: bf7c407c2cedff20999df2af8eb42d56 -> 
========================================================================
Received Import Request.
  Time since last request: 86.752200 seconds.
  path: Assets/asteroids.fbx
  artifactKey: Guid(a7acb17f4d71c4b4f87b8ce392c45309) Importer(815301076,1909f56bfc062723c751e8b465ee728b)
Start importing Assets/asteroids.fbx using Guid(a7acb17f4d71c4b4f87b8ce392c45309) Importer(815301076,1909f56bfc062723c751e8b465ee728b)  -> (artifact id: 'b47b388fbbdcce533fb335c65450015f') in 0.219917 seconds 
  Import took 0.224676 seconds .

========================================================================
Received Import Request.
  Time since last request: 19.776664 seconds.
  path: Assets
  artifactKey: Guid(00000000000000001000000000000000) Importer(815301076,1909f56bfc062723c751e8b465ee728b)
Start importing Assets using Guid(00000000000000001000000000000000) Importer(815301076,1909f56bfc062723c751e8b465ee728b)  -> (artifact id: '42d402b061de3733987d63b9cc3b64de') in 0.008562 seconds 
  Import took 0.013273 seconds .

========================================================================
Received Import Request.
  Time since last request: 47.919070 seconds.
  path: Assets/ship 1.fbx
  artifactKey: Guid(1c702bad6d2405443996a3e01e87c400) Importer(815301076,1909f56bfc062723c751e8b465ee728b)
Start importing Assets/ship 1.fbx using Guid(1c702bad6d2405443996a3e01e87c400) Importer(815301076,1909f56bfc062723c751e8b465ee728b)  -> (artifact id: 'ff9977da10e839535aba4dda101db579') in 0.088478 seconds 
  Import took 0.093382 seconds .

========================================================================
Received Import Request.
  Time since last request: 29.889162 seconds.
  path: Assets/New Material.mat
  artifactKey: Guid(07fe2cbbf1bb1144092327785d2f75e3) Importer(815301076,1909f56bfc062723c751e8b465ee728b)
Start importing Assets/New Material.mat using Guid(07fe2cbbf1bb1144092327785d2f75e3) Importer(815301076,1909f56bfc062723c751e8b465ee728b)  -> (artifact id: '48463b583f1788591a84fd0f26b2a24a') in 0.023863 seconds 
  Import took 0.028759 seconds .

========================================================================
Received Import Request.
  Time since last request: 26.878931 seconds.
  path: Assets/ship 3.fbx
  artifactKey: Guid(d3a54a21b2300fe4098bbd1f5f38ee37) Importer(815301076,1909f56bfc062723c751e8b465ee728b)
Start importing Assets/ship 3.fbx using Guid(d3a54a21b2300fe4098bbd1f5f38ee37) Importer(815301076,1909f56bfc062723c751e8b465ee728b)  -> (artifact id: '127c7b5b5f7d8c976f4816d4ad6def89') in 0.281520 seconds 
  Import took 0.286663 seconds .

========================================================================
Received Import Request.
  Time since last request: 35.146632 seconds.
  path: Assets/ship 3.fbx
  artifactKey: Guid(d3a54a21b2300fe4098bbd1f5f38ee37) Importer(815301076,1909f56bfc062723c751e8b465ee728b)
Start importing Assets/ship 3.fbx using Guid(d3a54a21b2300fe4098bbd1f5f38ee37) Importer(815301076,1909f56bfc062723c751e8b465ee728b)  -> (artifact id: '31293c8017ca112bfb1cf7685d39ccf0') in 0.285467 seconds 
  Import took 0.290711 seconds .

========================================================================
Received Prepare
Registering precompiled user dll's ...
Registered in 0.010621 seconds.
Begin MonoManager ReloadAssembly
Native extension for WindowsStandalone target not found
Native extension for WebGL target not found
Refreshing native plugins compatible for Editor in 0.60 ms, found 2 plugins.
Preloading 0 native plugins for Editor in 0.00 ms.
Mono: successfully reloaded assembly
- Completed reload, in  1.151 seconds
Domain Reload Profiling:
	ReloadAssembly (1151ms)
		BeginReloadAssembly (127ms)
			ExecutionOrderSort (0ms)
			DisableScriptedObjects (7ms)
			BackupInstance (0ms)
			ReleaseScriptingObjects (0ms)
			CreateAndSetChildDomain (40ms)
		EndReloadAssembly (949ms)
			LoadAssemblies (117ms)
			RebuildTransferFunctionScriptingTraits (0ms)
			SetupTypeCache (313ms)
			ReleaseScriptCaches (1ms)
			RebuildScriptCaches (42ms)
			SetupLoadedEditorAssemblies (331ms)
				LogAssemblyErrors (0ms)
				InitializePlatformSupportModulesInManaged (6ms)
				SetLoadedEditorAssemblies (0ms)
				RefreshPlugins (1ms)
				BeforeProcessingInitializeOnLoad (111ms)
				ProcessInitializeOnLoadAttributes (192ms)
				ProcessInitializeOnLoadMethodAttributes (6ms)
				AfterProcessingInitializeOnLoad (14ms)
				EditorAssembliesLoaded (0ms)
			ExecutionOrderSort2 (0ms)
			AwakeInstancesAfterBackupRestoration (17ms)
Platform modules already initialized, skipping
Refreshing native plugins compatible for Editor in 0.62 ms, found 2 plugins.
Preloading 0 native plugins for Editor in 0.00 ms.
Unloading 2821 Unused Serialized files (Serialized files now loaded: 0)
System memory in use before: 128.6 MB.
System memory in use after: 128.8 MB.

Unloading 17 unused Assets to reduce memory usage. Loaded Objects now: 3485.
Total: 3.725900 ms (FindLiveObjects: 0.320900 ms CreateObjectMapping: 0.075000 ms MarkObjects: 3.307200 ms  DeleteObjects: 0.021600 ms)

AssetImportParameters requested are different than current active one (requested -> active):
  custom:framework-win-MediaFoundation: 216162199b28c13a410421893ffa2e32 -> 
  custom:video-decoder-ogg-theora: a1e56fd34408186e4bbccfd4996cb3dc -> 
  custom:container-muxer-webm: aa71ff27fc2769a1b78a27578f13a17b -> 
  custom:container-demuxer-webm: 4f35f7cbe854078d1ac9338744f61a02 -> 
  custom:container-demuxer-ogg: 62fdf1f143b41e24485cea50d1cbac27 -> 
  custom:video-encoder-webm-vp8: eb34c28f22e8b96e1ab97ce403110664 -> 
  custom:video-decoder-webm-vp8: 9c59270c3fd7afecdb556c50c9e8de78 -> 
  custom:audio-decoder-ogg-vorbis: bf7c407c2cedff20999df2af8eb42d56 -> 
  custom:audio-encoder-webm-vorbis: bf7c407c2cedff20999df2af8eb42d56 -> 
========================================================================
Received Import Request.
  Time since last request: 149.233815 seconds.
  path: Assets/shipDetail.jpg
  artifactKey: Guid(a22c7db169556784f81c5bbebe3ada54) Importer(815301076,1909f56bfc062723c751e8b465ee728b)
Start importing Assets/shipDetail.jpg using Guid(a22c7db169556784f81c5bbebe3ada54) Importer(815301076,1909f56bfc062723c751e8b465ee728b)  -> (artifact id: '7f790942582f255a4a196c82af2440f8') in 0.069330 seconds 
  Import took 0.073907 seconds .

========================================================================
Received Import Request.
  Time since last request: 114.037464 seconds.
  path: Assets/ship.prefab
  artifactKey: Guid(a4d690cab5c359e4e92451e76e3fa9a0) Importer(815301076,1909f56bfc062723c751e8b465ee728b)
Start importing Assets/ship.prefab using Guid(a4d690cab5c359e4e92451e76e3fa9a0) Importer(815301076,1909f56bfc062723c751e8b465ee728b)  -> (artifact id: '59afceaea54978907c34027540423f01') in 0.154072 seconds 
  Import took 0.159117 seconds .

========================================================================
Received Import Request.
  Time since last request: 60.724702 seconds.
  path: Assets/Materials/skybox.renderTexture
  artifactKey: Guid(d5143b959d03c444fb09a45d81975c05) Importer(815301076,1909f56bfc062723c751e8b465ee728b)
Start importing Assets/Materials/skybox.renderTexture using Guid(d5143b959d03c444fb09a45d81975c05) Importer(815301076,1909f56bfc062723c751e8b465ee728b)  -> (artifact id: '13b82d14c2fd94e8a613777edecc8c34') in 0.022194 seconds 
  Import took 0.026934 seconds .

========================================================================
Received Import Request.
  Time since last request: 20.821560 seconds.
  path: Assets/Materials/New Material.mat
  artifactKey: Guid(6200a824eea25f84dae7cee620f45566) Importer(815301076,1909f56bfc062723c751e8b465ee728b)
Start importing Assets/Materials/New Material.mat using Guid(6200a824eea25f84dae7cee620f45566) Importer(815301076,1909f56bfc062723c751e8b465ee728b)  -> (artifact id: 'eacc29435b826b72e21f73f6ef206f12') in 0.032872 seconds 
  Import took 0.037679 seconds .

========================================================================
Received Import Request.
  Time since last request: 32.049032 seconds.
  path: Assets/Materials/skybox.mat
  artifactKey: Guid(6200a824eea25f84dae7cee620f45566) Importer(815301076,1909f56bfc062723c751e8b465ee728b)
Start importing Assets/Materials/skybox.mat using Guid(6200a824eea25f84dae7cee620f45566) Importer(815301076,1909f56bfc062723c751e8b465ee728b)  -> (artifact id: '2a72e3dce48429a2686d421056434f16') in 0.039248 seconds 
  Import took 0.043928 seconds .

========================================================================
Received Import Request.
  Time since last request: 97.319074 seconds.
  path: Assets/SkyBox Volume 2/DeepSpaceBlueWithPlanet
  artifactKey: Guid(e00de2c7acf3c8c4685c8f9709a5bab0) Importer(815301076,1909f56bfc062723c751e8b465ee728b)
Start importing Assets/SkyBox Volume 2/DeepSpaceBlueWithPlanet using Guid(e00de2c7acf3c8c4685c8f9709a5bab0) Importer(815301076,1909f56bfc062723c751e8b465ee728b)  -> (artifact id: 'd89bfb43cd4456124ac8fd3ce5b68838') in 0.008320 seconds 
  Import took 0.013073 seconds .

========================================================================
Received Import Request.
  Time since last request: 0.013096 seconds.
  path: Assets/SkyBox Volume 2/DeepSpaceBlueWithPlanet/backImage.png
  artifactKey: Guid(04550512a36deb34887e513ee0f31545) Importer(815301076,1909f56bfc062723c751e8b465ee728b)
Start importing Assets/SkyBox Volume 2/DeepSpaceBlueWithPlanet/backImage.png using Guid(04550512a36deb34887e513ee0f31545) Importer(815301076,1909f56bfc062723c751e8b465ee728b)  -> (artifact id: '780a15281d41c78da2b9cbf6b36547df') in 0.024686 seconds 
  Import took 0.029975 seconds .

========================================================================
Received Import Request.
  Time since last request: 0.000215 seconds.
  path: Assets/SkyBox Volume 2/DeepSpaceBlueWithPlanet/DSBWP.mat
  artifactKey: Guid(b8f20d5ca50d16143afc11f5e4af6fc1) Importer(815301076,1909f56bfc062723c751e8b465ee728b)
Start importing Assets/SkyBox Volume 2/DeepSpaceBlueWithPlanet/DSBWP.mat using Guid(b8f20d5ca50d16143afc11f5e4af6fc1) Importer(815301076,1909f56bfc062723c751e8b465ee728b)  -> (artifact id: 'ea07eca8e6f4c1b89162fb9882d754b4') in 0.244490 seconds 
  Import took 0.248695 seconds .

========================================================================
Received Import Request.
  Time since last request: 0.000237 seconds.
  path: Assets/SkyBox Volume 2/DeepSpaceBlueWithPlanet/frontImage.png
  artifactKey: Guid(5695b2a32243d1e40884ad984dd6423d) Importer(815301076,1909f56bfc062723c751e8b465ee728b)
Start importing Assets/SkyBox Volume 2/DeepSpaceBlueWithPlanet/frontImage.png using Guid(5695b2a32243d1e40884ad984dd6423d) Importer(815301076,1909f56bfc062723c751e8b465ee728b)  -> (artifact id: '35b1b3e92a7d49361732f1be8bd815af') in 0.025939 seconds 
  Import took 0.030294 seconds .

========================================================================
Received Import Request.
  Time since last request: 0.000223 seconds.
  path: Assets/SkyBox Volume 2/DeepSpaceBlueWithPlanet/leftImage.png
  artifactKey: Guid(0373ee03f989db143826ef682bb33f93) Importer(815301076,1909f56bfc062723c751e8b465ee728b)
Start importing Assets/SkyBox Volume 2/DeepSpaceBlueWithPlanet/leftImage.png using Guid(0373ee03f989db143826ef682bb33f93) Importer(815301076,1909f56bfc062723c751e8b465ee728b)  -> (artifact id: 'ec595e21492680d23e2898b4667f5d5e') in 0.019569 seconds 
  Import took 0.024164 seconds .

========================================================================
Received Import Request.
  Time since last request: 0.000247 seconds.
  path: Assets/SkyBox Volume 2/DeepSpaceBlueWithPlanet/downImage.png
  artifactKey: Guid(42f68b6cc6ff3fa47b83a2664bf08ae9) Importer(815301076,1909f56bfc062723c751e8b465ee728b)
Start importing Assets/SkyBox Volume 2/DeepSpaceBlueWithPlanet/downImage.png using Guid(42f68b6cc6ff3fa47b83a2664bf08ae9) Importer(815301076,1909f56bfc062723c751e8b465ee728b)  -> (artifact id: '16de03ae9c7faf95853ced1dc04dacb1') in 0.023416 seconds 
  Import took 0.028125 seconds .

========================================================================
Received Import Request.
  Time since last request: 0.000199 seconds.
  path: Assets/SkyBox Volume 2/DeepSpaceBlueWithPlanet/upImage.png
  artifactKey: Guid(5c4046e19400c9f44961b6350406ae65) Importer(815301076,1909f56bfc062723c751e8b465ee728b)
Start importing Assets/SkyBox Volume 2/DeepSpaceBlueWithPlanet/upImage.png using Guid(5c4046e19400c9f44961b6350406ae65) Importer(815301076,1909f56bfc062723c751e8b465ee728b)  -> (artifact id: '7b5b34acf4be1e7a96fc8ac144d75485') in 0.027932 seconds 
  Import took 0.032237 seconds .

========================================================================
Received Import Request.
  Time since last request: 0.000226 seconds.
  path: Assets/SkyBox Volume 2/DeepSpaceBlueWithPlanet/rightImage.png
  artifactKey: Guid(ba628713edc8c9246ae86c79210da921) Importer(815301076,1909f56bfc062723c751e8b465ee728b)
Start importing Assets/SkyBox Volume 2/DeepSpaceBlueWithPlanet/rightImage.png using Guid(ba628713edc8c9246ae86c79210da921) Importer(815301076,1909f56bfc062723c751e8b465ee728b)  -> (artifact id: '82b12dbe67d12e900ca60ab54007b541') in 0.018568 seconds 
  Import took 0.023056 seconds .

========================================================================
Received Import Request.
  Time since last request: 0.000532 seconds.
  path: Assets/SkyBox Volume 2/DeepSpaceBlueWithPlanet/rightImage.png
  artifactKey: Guid(ba628713edc8c9246ae86c79210da921) Importer(815301076,1909f56bfc062723c751e8b465ee728b)
Start importing Assets/SkyBox Volume 2/DeepSpaceBlueWithPlanet/rightImage.png using Guid(ba628713edc8c9246ae86c79210da921) Importer(815301076,1909f56bfc062723c751e8b465ee728b)  -> (artifact id: '82b12dbe67d12e900ca60ab54007b541') in 0.015419 seconds 
  Import took 0.020207 seconds .

========================================================================
Received Prepare
Registering precompiled user dll's ...
Registered in 0.010528 seconds.
Begin MonoManager ReloadAssembly
Native extension for WindowsStandalone target not found
Native extension for WebGL target not found
Refreshing native plugins compatible for Editor in 0.66 ms, found 2 plugins.
Preloading 0 native plugins for Editor in 0.00 ms.
Mono: successfully reloaded assembly
- Completed reload, in  1.150 seconds
Domain Reload Profiling:
	ReloadAssembly (1151ms)
		BeginReloadAssembly (124ms)
			ExecutionOrderSort (0ms)
			DisableScriptedObjects (7ms)
			BackupInstance (0ms)
			ReleaseScriptingObjects (0ms)
			CreateAndSetChildDomain (38ms)
		EndReloadAssembly (953ms)
			LoadAssemblies (116ms)
			RebuildTransferFunctionScriptingTraits (0ms)
			SetupTypeCache (312ms)
			ReleaseScriptCaches (1ms)
			RebuildScriptCaches (43ms)
			SetupLoadedEditorAssemblies (333ms)
				LogAssemblyErrors (0ms)
				InitializePlatformSupportModulesInManaged (6ms)
				SetLoadedEditorAssemblies (0ms)
				RefreshPlugins (1ms)
				BeforeProcessingInitializeOnLoad (111ms)
				ProcessInitializeOnLoadAttributes (195ms)
				ProcessInitializeOnLoadMethodAttributes (6ms)
				AfterProcessingInitializeOnLoad (13ms)
				EditorAssembliesLoaded (0ms)
			ExecutionOrderSort2 (0ms)
			AwakeInstancesAfterBackupRestoration (17ms)
Platform modules already initialized, skipping
Refreshing native plugins compatible for Editor in 0.62 ms, found 2 plugins.
Preloading 0 native plugins for Editor in 0.00 ms.
Unloading 2821 Unused Serialized files (Serialized files now loaded: 0)
System memory in use before: 129.0 MB.
System memory in use after: 129.3 MB.

Unloading 17 unused Assets to reduce memory usage. Loaded Objects now: 3531.
Total: 3.749300 ms (FindLiveObjects: 0.314400 ms CreateObjectMapping: 0.075200 ms MarkObjects: 3.336200 ms  DeleteObjects: 0.022000 ms)

AssetImportParameters requested are different than current active one (requested -> active):
  custom:framework-win-MediaFoundation: 216162199b28c13a410421893ffa2e32 -> 
  custom:video-decoder-ogg-theora: a1e56fd34408186e4bbccfd4996cb3dc -> 
  custom:container-muxer-webm: aa71ff27fc2769a1b78a27578f13a17b -> 
  custom:container-demuxer-webm: 4f35f7cbe854078d1ac9338744f61a02 -> 
  custom:container-demuxer-ogg: 62fdf1f143b41e24485cea50d1cbac27 -> 
  custom:video-encoder-webm-vp8: eb34c28f22e8b96e1ab97ce403110664 -> 
  custom:video-decoder-webm-vp8: 9c59270c3fd7afecdb556c50c9e8de78 -> 
  custom:audio-decoder-ogg-vorbis: bf7c407c2cedff20999df2af8eb42d56 -> 
  custom:audio-encoder-webm-vorbis: bf7c407c2cedff20999df2af8eb42d56 -> 
========================================================================
Received Import Request.
  Time since last request: 88.694100 seconds.
  path: Assets/Scenes/Room for 1.unity
  artifactKey: Guid(b7f6e24e640325b43916f701ca26ead8) Importer(815301076,1909f56bfc062723c751e8b465ee728b)
Start importing Assets/Scenes/Room for 1.unity using Guid(b7f6e24e640325b43916f701ca26ead8) Importer(815301076,1909f56bfc062723c751e8b465ee728b)  -> (artifact id: '33f173e6b60dea43ae8f2a910677d6a8') in 0.025210 seconds 
  Import took 0.029904 seconds .

AssetImportWorkerClient::OnTransportError - code=2 error=End of file
